C51 COMPILER V8.08   DISPLAY_LED                                                           05/04/2015 22:00:34 PAGE 1   


C51 COMPILER V8.08, COMPILATION OF MODULE DISPLAY_LED
OBJECT MODULE PLACED IN display_led.OBJ
COMPILER INVOKED BY: C:\Keil\C51\BIN\C51.EXE display_led.c BROWSE DEBUG OBJECTEXTEND

line level    source

   1          #include"STC15F2K60S2.H"
   2          #include <intrins.h>
   3          
   4          //共阳数码管
   5          unsigned char code segtab[]={0xc0,0xf9,0xa4,0xb0,0x99,0x92,0x82,0xf8,0x80,0x90,0x88,
   6                               0x83,0xc6,0xa1,0x86,0x8e,0x89,0x8c,0xff,0xbf,0x8d}; 
   7          unsigned char bitbuf[8]={3,0,2,5,18,18,0,0};        //显示缓存 
   8          /************延时函数***************/
   9          void Delay10ms()                //@11.0592MHz
  10          {
  11   1              unsigned char i, j;
  12   1      
  13   1              i = 108;
  14   1              j = 145;
  15   1              do
  16   1              {
  17   2                      while (--j);
  18   2              } while (--i);
  19   1      }
  20          
  21          
  22          void delay()            //@11.0592MHz
  23          {
  24   1              unsigned char i = 200;
  25   1               while (i--);
  26   1      }
  27          /***************************************************
  28                  功能描述：右四位数码管显示函数，位选和段选都由P0完成              
  29                  参数说明：无 
  30                  参数返回：无 
  31          ****************************************************/
  32          void  disp(void)
  33          {
  34   1              unsigned char i;
  35   1              unsigned char bitsel=0x01;
  36   1      
  37   1              for(i=0;i<8;i++)
  38   1              {
  39   2                      P0=bitsel;//数据准备：位选数据
  40   2                      P2=P2&0x1f|0xc0;//送入数据         选中Y6C
  41   2                      P2&=0x1f;//再次释放片选
  42   2      
  43   2                      P0=segtab[bitbuf[i]];//数据准备：显示数据
  44   2                      P2=P2&0x1f|0xe0;//送入数据          选中Y7C
  45   2                      delay();//延时，形成视觉暂留
  46   2                      bitsel=_crol_(bitsel,1);        
  47   2      
  48   2                      P0|=0xff;//将P0口初始化为：1111 1111  熄灭所有数码管
  49   2                      P2&=0x1f;//再次释放片选 
  50   2              }
  51   1      }


MODULE INFORMATION:   STATIC OVERLAYABLE
   CODE SIZE        =     80    ----
C51 COMPILER V8.08   DISPLAY_LED                                                           05/04/2015 22:00:34 PAGE 2   

   CONSTANT SIZE    =     21    ----
   XDATA SIZE       =   ----    ----
   PDATA SIZE       =   ----    ----
   DATA SIZE        =      8    ----
   IDATA SIZE       =   ----    ----
   BIT SIZE         =   ----    ----
END OF MODULE INFORMATION.


C51 COMPILATION COMPLETE.  0 WARNING(S),  0 ERROR(S)
